<?xml version="1.0" encoding="UTF-8"?>
<!-- Generated by org.testng.reporters.JUnitReportReporter -->
<testsuite hostname="DESKTOP-UU2F52V" failures="0" tests="1" name="com.runner.TestRunner" time="5.877" errors="1" timestamp="2025-11-15T16:47:32 IST" skipped="0">
  <testcase classname="com.runner.TestRunner" name="runScenario" time="5.877">
    <error message="Cannot invoke &quot;com.pages.HomePage.goToLogin()&quot; because &quot;this.home&quot; is null" type="java.lang.NullPointerException">
      <![CDATA[java.lang.NullPointerException: Cannot invoke "com.pages.HomePage.goToLogin()" because "this.home" is null
at com.stepDefinitionTestNG.DemoWebShopSteps.i_enter_username_and_password(DemoWebShopSteps.java:101)
at ✽.I enter Username and Password(file:///E:/sprint2_unacademy/Tricentis_demo_project/src/test/resources/Features/Tricentis.feature:35)
]]>
    </error>
  </testcase> <!-- runScenario -->
  <system-out/>
</testsuite> <!-- com.runner.TestRunner -->
